<?xml version="1.0" encoding="UTF-8"?>
<!-- Generated by org.testng.reporters.JUnitXMLReporter -->
<testsuite ignored="3" hostname="NAINIKA" failures="0" tests="1" name="EdgeTest" time="7.959" errors="0" timestamp="2025-03-06T14:54:13 IST">
  <testcase classname="testScript.LoginTest" name="verifyUserLoginWithValidUsernameAndValidPassword" time="3.059"/>
  <testcase classname="testScript.LoginTest" name="verifyUserLoginWithValidUsernameAndInValidPassword" time="0.0">
    <ignored/>
  </testcase> <!-- verifyUserLoginWithValidUsernameAndInValidPassword -->
  <testcase classname="testScript.LoginTest" name="verifyUserLoginWithInValidUsernameAndInValidPassword" time="0.0">
    <ignored/>
  </testcase> <!-- verifyUserLoginWithInValidUsernameAndInValidPassword -->
  <testcase classname="testScript.LoginTest" name="verifyUserLoginWithInValidUsernameAndValidPassword" time="0.0">
    <ignored/>
  </testcase> <!-- verifyUserLoginWithInValidUsernameAndValidPassword -->
</testsuite> <!-- EdgeTest -->
