<?xml version="1.0" encoding="UTF-8"?>
<testng-results ignored="0" total="1" passed="1" failed="0" skipped="0">
  <reporter-output>
  </reporter-output>
  <suite started-at="2025-03-06T18:53:23 IST" name="Suite" finished-at="2025-03-06T18:53:30 IST" duration-ms="6720">
    <groups>
    </groups>
    <test started-at="2025-03-06T18:53:23 IST" name="Test" finished-at="2025-03-06T18:53:30 IST" duration-ms="6720">
      <class name="testScript.AdminUserTest">
        <test-method is-config="true" signature="initializeBrowser(java.lang.String)[pri:0, instance:testScript.AdminUserTest@7139992f]" started-at="2025-03-06T18:53:23 IST" name="initializeBrowser" finished-at="2025-03-06T18:53:26 IST" duration-ms="2710" status="PASS">
          <params>
            <param index="0">
              <value>
                <![CDATA[Chrome]]>
              </value>
            </param>
          </params>
          <reporter-output>
          </reporter-output>
        </test-method> <!-- initializeBrowser -->
        <test-method signature="VerifyUserCanAddNewAdminUser()[pri:1, instance:testScript.AdminUserTest@7139992f]" started-at="2025-03-06T18:53:26 IST" name="VerifyUserCanAddNewAdminUser" description="Add new user to the admin usr page" finished-at="2025-03-06T18:53:30 IST" duration-ms="3949" status="PASS">
          <reporter-output>
          </reporter-output>
        </test-method> <!-- VerifyUserCanAddNewAdminUser -->
        <test-method is-config="true" signature="driverQuit(org.testng.ITestResult)[pri:0, instance:testScript.AdminUserTest@7139992f]" started-at="2025-03-06T18:53:30 IST" name="driverQuit" finished-at="2025-03-06T18:53:30 IST" duration-ms="0" status="PASS">
          <params>
            <param index="0">
              <value>
                <![CDATA[[TestResult name=VerifyUserCanAddNewAdminUser status=SUCCESS method=AdminUserTest.VerifyUserCanAddNewAdminUser()[pri:1, instance:testScript.AdminUserTest@7139992f] output={null}]]]>
              </value>
            </param>
          </params>
          <reporter-output>
          </reporter-output>
        </test-method> <!-- driverQuit -->
      </class> <!-- testScript.AdminUserTest -->
    </test> <!-- Test -->
  </suite> <!-- Suite -->
</testng-results>
