<?xml version="1.0" encoding="UTF-8"?>
<!-- Generated by org.testng.reporters.JUnitXMLReporter -->
<testsuite ignored="2" hostname="NAINIKA" failures="0" tests="1" name="Default test" time="5.79" errors="0" timestamp="2025-02-26T12:12:12 IST">
  <testcase classname="testScript.SubcategoryTest" name="verifyRestButtonFunctionality" time="3.075"/>
  <testcase classname="testScript.SubcategoryTest" name="verifyUserIsAbleToAddSubcategory" time="0.0">
    <ignored/>
  </testcase> <!-- verifyUserIsAbleToAddSubcategory -->
  <testcase classname="testScript.SubcategoryTest" name="verifyUserAbleToSearchSubcategory" time="0.0">
    <ignored/>
  </testcase> <!-- verifyUserAbleToSearchSubcategory -->
</testsuite> <!-- Default test -->
