<?xml version="1.0" encoding="UTF-8"?>
<!-- Generated by org.testng.reporters.JUnitXMLReporter -->
<testsuite ignored="0" hostname="NAINIKA" failures="0" tests="5" name="Test" time="11.583" errors="0" timestamp="2025-03-03T10:49:51 IST">
  <testcase classname="testScript.LoginTest" name="verifyUserLoginWithValidUsernameAndInValidPassword" time="1.01"/>
  <testcase classname="testScript.HomeTest" name="verifyUserAbleToLogout" time="2.321"/>
  <testcase classname="testScript.LoginTest" name="verifyUserLoginWithInValidUsernameAndValidPassword" time="0.551"/>
  <testcase classname="testScript.LoginTest" name="verifyUserLoginWithInValidUsernameAndInValidPassword" time="0.562"/>
  <testcase classname="testScript.LoginTest" name="verifyUserLoginWithValidUsernameAndValidPassword" time="0.849"/>
</testsuite> <!-- Test -->
